[I 2026-06-14 20:06:13,048] Trial 25 finished with value: 1165.4820777767004 and parameters: {'lookback': 24, 'n_stacks': 2, 'n_blocks': 2, 'hidden_size': 384, 'n_layers': 3, 'learning_rate': 0.0001008753327059436, 'batch_size': 8, 'dropout': 0.06419206694040255, 'revin_affine': False}. Best is trial 11 with value: 824.8738372168142.Best trial: 11. Best value: 824.874:  25%|██▌       | 25/100 [02:19<08:06,  6.49s/it]Best trial: 11. Best value: 824.874:  25%|██▌       | 25/100 [02:19<08:06,  6.49s/it]Best trial: 11. Best value: 824.874:  26%|██▌       | 26/100 [02:19<06:57,  5.65s/it]                                                                                     Best trial: 11. Best value: 824.874:  26%|██▌       | 26/100 [02:20<06:57,  5.65s/it]Best trial: 11. Best value: 824.874:  26%|██▌       | 26/100 [02:20<06:57,  5.65s/it]Best trial: 11. Best value: 824.874:  27%|██▋       | 27/100 [02:20<05:14,  4.32s/it]                                                                                     Best trial: 11. Best value: 824.874:  27%|██▋       | 27/100 [02:32<05:14,  4.32s/it]Best trial: 11. Best value: 824.874:  27%|██▋       | 27/100 [02:32<05:14,  4.32s/it]Best trial: 11. Best value: 824.874:  28%|██▊       | 28/100 [02:32<07:59,  6.66s/it]                                                                                     Best trial: 11. Best value: 824.874:  28%|██▊       | 28/100 [02:34<07:59,  6.66s/it]Best trial: 11. Best value: 824.874:  28%|██▊       | 28/100 [02:34<07:59,  6.66s/it]Best trial: 11. Best value: 824.874:  29%|██▉       | 29/100 [02:34<06:12,  5.25s/it]                                                                                     Best trial: 11. Best value: 824.874:  29%|██▉       | 29/100 [02:36<06:12,  5.25s/it]Best trial: 11. Best value: 824.874:  29%|██▉       | 29/100 [02:36<06:12,  5.25s/it]Best trial: 11. Best value: 824.874:  30%|███       | 30/100 [02:36<05:08,  4.40s/it]                                                                                     Best trial: 11. Best value: 824.874:  30%|███       | 30/100 [02:41<05:08,  4.40s/it]Best trial: 11. Best value: 824.874:  30%|███       | 30/100 [02:41<05:08,  4.40s/it]Best trial: 11. Best value: 824.874:  31%|███       | 31/100 [02:41<05:02,  4.39s/it]                                                                                     Best trial: 11. Best value: 824.874:  31%|███       | 31/100 [02:45<05:02,  4.39s/it]Best trial: 11. Best value: 824.874:  31%|███       | 31/100 [02:45<05:02,  4.39s/it]Best trial: 11. Best value: 824.874:  32%|███▏      | 32/100 [02:45<04:56,  4.36s/it]                                                                                     Best trial: 11. Best value: 824.874:  32%|███▏      | 32/100 [02:55<04:56,  4.36s/it]Best trial: 32. Best value: 792.619:  32%|███▏      | 32/100 [02:55<04:56,  4.36s/it]Best trial: 32. Best value: 792.619:  33%|███▎      | 33/100 [02:55<06:45,  6.05s/it]                                                                                     Best trial: 32. Best value: 792.619:  33%|███▎      | 33/100 [02:58<06:45,  6.05s/it]Best trial: 32. Best value: 792.619:  33%|███▎      | 33/100 [02:58<06:45,  6.05s/it]Best trial: 32. Best value: 792.619:  34%|███▍      | 34/100 [02:58<05:35,  5.08s/it]                                                                                     Best trial: 32. Best value: 792.619:  34%|███▍      | 34/100 [03:08<05:35,  5.08s/it]Best trial: 32. Best value: 792.619:  34%|███▍      | 34/100 [03:08<05:35,  5.08s/it]Best trial: 32. Best value: 792.619:  35%|███▌      | 35/100 [03:08<07:03,  6.51s/it]                                                                                     Best trial: 32. Best value: 792.619:  35%|███▌      | 35/100 [03:09<07:03,  6.51s/it]Best trial: 32. Best value: 792.619:  35%|███▌      | 35/100 [03:09<07:03,  6.51s/it]Best trial: 32. Best value: 792.619:  36%|███▌      | 36/100 [03:09<05:13,  4.90s/it]                                                                                     Best trial: 32. Best value: 792.619:  36%|███▌      | 36/100 [03:11<05:13,  4.90s/it]Best trial: 32. Best value: 792.619:  36%|███▌      | 36/100 [03:11<05:13,  4.90s/it]Best trial: 32. Best value: 792.619:  37%|███▋      | 37/100 [03:11<04:21,  4.16s/it]                                                                                     Best trial: 32. Best value: 792.619:  37%|███▋      | 37/100 [03:12<04:21,  4.16s/it]Best trial: 32. Best value: 792.619:  37%|███▋      | 37/100 [03:12<04:21,  4.16s/it]Best trial: 32. Best value: 792.619:  38%|███▊      | 38/100 [03:12<03:08,  3.04s/it]                                                                                     Best trial: 32. Best value: 792.619:  38%|███▊      | 38/100 [03:35<03:08,  3.04s/it]Best trial: 32. Best value: 792.619:  38%|███▊      | 38/100 [03:35<03:08,  3.04s/it]Best trial: 32. Best value: 792.619:  39%|███▉      | 39/100 [03:35<09:18,  9.16s/it]                                                                                     Best trial: 32. Best value: 792.619:  39%|███▉      | 39/100 [03:39<09:18,  9.16s/it]Best trial: 32. Best value: 792.619:  39%|███▉      | 39/100 [03:39<09:18,  9.16s/it]Best trial: 32. Best value: 792.619:  40%|████      | 40/100 [03:39<07:42,  7.71s/it]                                                                                     Best trial: 32. Best value: 792.619:  40%|████      | 40/100 [03:41<07:42,  7.71s/it]Best trial: 32. Best value: 792.619:  40%|████      | 40/100 [03:41<07:42,  7.71s/it]Best trial: 32. Best value: 792.619:  41%|████      | 41/100 [03:41<05:49,  5.92s/it]                                                                                     Best trial: 32. Best value: 792.619:  41%|████      | 41/100 [03:45<05:49,  5.92s/it]Best trial: 32. Best value: 792.619:  41%|████      | 41/100 [03:45<05:49,  5.92s/it]Best trial: 32. Best value: 792.619:  42%|████▏     | 42/100 [03:45<05:02,  5.21s/it]                                                                                     Best trial: 32. Best value: 792.619:  42%|████▏     | 42/100 [03:55<05:02,  5.21s/it]Best trial: 32. Best value: 792.619:  42%|████▏     | 42/100 [03:55<05:02,  5.21s/it]Best trial: 32. Best value: 792.619:  43%|████▎     | 43/100 [03:55<06:28,  6.82s/it]                                                                                     Best trial: 32. Best value: 792.619:  43%|████▎     | 43/100 [04:00<06:28,  6.82s/it]Best trial: 32. Best value: 792.619:  43%|████▎     | 43/100 [04:00<06:28,  6.82s/it]Best trial: 32. Best value: 792.619:  44%|████▍     | 44/100 [04:00<05:53,  6.31s/it]                                                                                     Best trial: 32. Best value: 792.619:  44%|████▍     | 44/100 [04:06<05:53,  6.31s/it]Best trial: 32. Best value: 792.619:  44%|████▍     | 44/100 [04:06<05:53,  6.31s/it]Best trial: 32. Best value: 792.619:  45%|████▌     | 45/100 [04:06<05:30,  6.01s/it]                                                                                     Best trial: 32. Best value: 792.619:  45%|████▌     | 45/100 [04:07<05:30,  6.01s/it]Best trial: 32. Best value: 792.619:  45%|████▌     | 45/100 [04:07<05:30,  6.01s/it]Best trial: 32. Best value: 792.619:  46%|████▌     | 46/100 [04:07<04:02,  4.50s/it]                                                                                     Best trial: 32. Best value: 792.619:  46%|████▌     | 46/100 [04:17<04:02,  4.50s/it]Best trial: 32. Best value: 792.619:  46%|████▌     | 46/100 [04:17<04:02,  4.50s/it]Best trial: 32. Best value: 792.619:  47%|████▋     | 47/100 [04:17<05:35,  6.33s/it]                                                                                     Best trial: 32. Best value: 792.619:  47%|████▋     | 47/100 [04:22<05:35,  6.33s/it]Best trial: 32. Best value: 792.619:  47%|████▋     | 47/100 [04:22<05:35,  6.33s/it]Best trial: 32. Best value: 792.619:  48%|████▊     | 48/100 [04:22<05:11,  5.99s/it]                                                                                     Best trial: 32. Best value: 792.619:  48%|████▊     | 48/100 [04:23<05:11,  5.99s/it]Best trial: 32. Best value: 792.619:  48%|████▊     | 48/100 [04:23<05:11,  5.99s/it]Best trial: 32. Best value: 792.619:  49%|████▉     | 49/100 [04:23<03:36,  4.25s/it]                                                                                     Best trial: 32. Best value: 792.619:  49%|████▉     | 49/100 [04:23<03:36,  4.25s/it]Best trial: 32. Best value: 792.619:  49%|████▉     | 49/100 [04:23<03:36,  4.25s/it]Best trial: 32. Best value: 792.619:  50%|█████     | 50/100 [04:23<02:33,  3.07s/it]                                                                                     Best trial: 32. Best value: 792.619:  50%|█████     | 50/100 [04:25<02:33,  3.07s/it]Best trial: 32. Best value: 792.619:  50%|█████     | 50/100 [04:25<02:33,  3.07s/it]Best trial: 32. Best value: 792.619:  51%|█████     | 51/100 [04:25<02:09,  2.64s/it]                                                                                     Best trial: 32. Best value: 792.619:  51%|█████     | 51/100 [04:32<02:09,  2.64s/it]Best trial: 32. Best value: 792.619:  51%|█████     | 51/100 [04:32<02:09,  2.64s/it]Best trial: 32. Best value: 792.619:  52%|█████▏    | 52/100 [04:32<03:13,  4.04s/it]                                                                                     Best trial: 32. Best value: 792.619:  52%|█████▏    | 52/100 [04:38<03:13,  4.04s/it]Best trial: 32. Best value: 792.619:  52%|█████▏    | 52/100 [04:38<03:13,  4.04s/it]Best trial: 32. Best value: 792.619:  53%|█████▎    | 53/100 [04:38<03:44,  4.78s/it]                                                                                     Best trial: 32. Best value: 792.619:  53%|█████▎    | 53/100 [04:41<03:44,  4.78s/it]Best trial: 32. Best value: 792.619:  53%|█████▎    | 53/100 [04:41<03:44,  4.78s/it]Best trial: 32. Best value: 792.619:  54%|█████▍    | 54/100 [04:41<03:05,  4.04s/it]                                                                                     Best trial: 32. Best value: 792.619:  54%|█████▍    | 54/100 [04:43<03:05,  4.04s/it]Best trial: 32. Best value: 792.619:  54%|█████▍    | 54/100 [04:43<03:05,  4.04s/it]Best trial: 32. Best value: 792.619:  55%|█████▌    | 55/100 [04:43<02:36,  3.47s/it]                                                                                     Best trial: 32. Best value: 792.619:  55%|█████▌    | 55/100 [04:55<02:36,  3.47s/it]Best trial: 32. Best value: 792.619:  55%|█████▌    | 55/100 [04:55<02:36,  3.47s/it]Best trial: 32. Best value: 792.619:  56%|█████▌    | 56/100 [04:55<04:29,  6.12s/it]                                                                                     Best trial: 32. Best value: 792.619:  56%|█████▌    | 56/100 [05:02<04:29,  6.12s/it]Best trial: 32. Best value: 792.619:  56%|█████▌    | 56/100 [05:02<04:29,  6.12s/it]Best trial: 32. Best value: 792.619:  57%|█████▋    | 57/100 [05:02<04:30,  6.30s/it]                                                                                     
[I 2026-06-14 20:06:14,254] Trial 26 finished with value: 1176.9658133090165 and parameters: {'lookback': 20, 'n_stacks': 2, 'n_blocks': 1, 'hidden_size': 512, 'n_layers': 2, 'learning_rate': 0.00046834905298324617, 'batch_size': 8, 'dropout': 0.025290145092159134, 'revin_affine': True}. Best is trial 11 with value: 824.8738372168142.
[I 2026-06-14 20:06:26,387] Trial 27 finished with value: 1246.9796803462348 and parameters: {'lookback': 23, 'n_stacks': 3, 'n_blocks': 2, 'hidden_size': 448, 'n_layers': 4, 'learning_rate': 0.000760278888144238, 'batch_size': 8, 'dropout': 0.049037622563197256, 'revin_affine': False}. Best is trial 11 with value: 824.8738372168142.
[I 2026-06-14 20:06:28,335] Trial 28 finished with value: 1422.250654766018 and parameters: {'lookback': 22, 'n_stacks': 2, 'n_blocks': 3, 'hidden_size': 320, 'n_layers': 3, 'learning_rate': 0.001684519496132957, 'batch_size': 32, 'dropout': 0.019905265029723535, 'revin_affine': False}. Best is trial 11 with value: 824.8738372168142.
[I 2026-06-14 20:06:30,764] Trial 29 pruned. 
[I 2026-06-14 20:06:35,112] Trial 30 finished with value: 1231.3362070416413 and parameters: {'lookback': 23, 'n_stacks': 2, 'n_blocks': 2, 'hidden_size': 384, 'n_layers': 3, 'learning_rate': 0.00022067200166950903, 'batch_size': 16, 'dropout': 0.08362953352364735, 'revin_affine': False}. Best is trial 11 with value: 824.8738372168142.
[I 2026-06-14 20:06:39,421] Trial 31 finished with value: 846.4972045702679 and parameters: {'lookback': 24, 'n_stacks': 2, 'n_blocks': 2, 'hidden_size': 512, 'n_layers': 3, 'learning_rate': 0.0003295756037004815, 'batch_size': 8, 'dropout': 6.461704249121226e-05, 'revin_affine': False}. Best is trial 11 with value: 824.8738372168142.
[I 2026-06-14 20:06:49,395] Trial 32 finished with value: 792.6194225115729 and parameters: {'lookback': 24, 'n_stacks': 2, 'n_blocks': 2, 'hidden_size': 512, 'n_layers': 3, 'learning_rate': 0.00030819408864117483, 'batch_size': 8, 'dropout': 0.0016375726131938328, 'revin_affine': False}. Best is trial 32 with value: 792.6194225115729.
[I 2026-06-14 20:06:52,225] Trial 33 finished with value: 1109.8580262085814 and parameters: {'lookback': 21, 'n_stacks': 2, 'n_blocks': 1, 'hidden_size': 448, 'n_layers': 3, 'learning_rate': 0.00047266170395344743, 'batch_size': 8, 'dropout': 0.037412559016940454, 'revin_affine': False}. Best is trial 32 with value: 792.6194225115729.
[I 2026-06-14 20:07:02,074] Trial 34 finished with value: 1003.6767984640164 and parameters: {'lookback': 23, 'n_stacks': 2, 'n_blocks': 2, 'hidden_size': 512, 'n_layers': 3, 'learning_rate': 0.00014974637784084075, 'batch_size': 8, 'dropout': 0.024154933824322516, 'revin_affine': False}. Best is trial 32 with value: 792.6194225115729.
[I 2026-06-14 20:07:03,221] Trial 35 finished with value: 1231.2920867983846 and parameters: {'lookback': 22, 'n_stacks': 1, 'n_blocks': 1, 'hidden_size': 448, 'n_layers': 2, 'learning_rate': 0.0002684395774610064, 'batch_size': 8, 'dropout': 0.04564313323764283, 'revin_affine': False}. Best is trial 32 with value: 792.6194225115729.
[I 2026-06-14 20:07:05,642] Trial 36 finished with value: 1154.3198555900456 and parameters: {'lookback': 21, 'n_stacks': 2, 'n_blocks': 2, 'hidden_size': 512, 'n_layers': 3, 'learning_rate': 0.0007190552583749484, 'batch_size': 16, 'dropout': 0.019285757348785838, 'revin_affine': True}. Best is trial 32 with value: 792.6194225115729.
[I 2026-06-14 20:07:06,075] Trial 37 pruned. 
[I 2026-06-14 20:07:29,520] Trial 38 finished with value: 1175.2391431056196 and parameters: {'lookback': 19, 'n_stacks': 2, 'n_blocks': 2, 'hidden_size': 448, 'n_layers': 4, 'learning_rate': 0.0010415012845259996, 'batch_size': 8, 'dropout': 0.043799887471017415, 'revin_affine': True}. Best is trial 32 with value: 792.6194225115729.
[I 2026-06-14 20:07:33,847] Trial 39 finished with value: 1091.307825056262 and parameters: {'lookback': 24, 'n_stacks': 3, 'n_blocks': 3, 'hidden_size': 512, 'n_layers': 2, 'learning_rate': 0.0001270009673084114, 'batch_size': 16, 'dropout': 0.017731159425259893, 'revin_affine': False}. Best is trial 32 with value: 792.6194225115729.
[I 2026-06-14 20:07:35,585] Trial 40 finished with value: 1028.2154909450173 and parameters: {'lookback': 17, 'n_stacks': 1, 'n_blocks': 3, 'hidden_size': 256, 'n_layers': 3, 'learning_rate': 0.0012828402959442892, 'batch_size': 32, 'dropout': 0.05885277433634693, 'revin_affine': False}. Best is trial 32 with value: 792.6194225115729.
[I 2026-06-14 20:07:39,148] Trial 41 finished with value: 1114.8491333993954 and parameters: {'lookback': 24, 'n_stacks': 2, 'n_blocks': 2, 'hidden_size': 512, 'n_layers': 3, 'learning_rate': 0.0003240271404161455, 'batch_size': 8, 'dropout': 0.003157544016810918, 'revin_affine': False}. Best is trial 32 with value: 792.6194225115729.
[I 2026-06-14 20:07:49,731] Trial 42 finished with value: 1000.2140633485487 and parameters: {'lookback': 23, 'n_stacks': 2, 'n_blocks': 2, 'hidden_size': 512, 'n_layers': 3, 'learning_rate': 0.0003653866711922893, 'batch_size': 8, 'dropout': 0.003934921581521008, 'revin_affine': False}. Best is trial 32 with value: 792.6194225115729.
[I 2026-06-14 20:07:54,840] Trial 43 finished with value: 1238.7983344308075 and parameters: {'lookback': 24, 'n_stacks': 2, 'n_blocks': 2, 'hidden_size': 512, 'n_layers': 3, 'learning_rate': 0.00017219547771191518, 'batch_size': 8, 'dropout': 0.019198702407719113, 'revin_affine': False}. Best is trial 32 with value: 792.6194225115729.
[I 2026-06-14 20:08:00,164] Trial 44 finished with value: 903.3190316550434 and parameters: {'lookback': 21, 'n_stacks': 2, 'n_blocks': 2, 'hidden_size': 448, 'n_layers': 3, 'learning_rate': 0.0002520013075947827, 'batch_size': 8, 'dropout': 0.0014070579250275335, 'revin_affine': False}. Best is trial 32 with value: 792.6194225115729.
[I 2026-06-14 20:08:01,123] Trial 45 pruned. 
[I 2026-06-14 20:08:11,730] Trial 46 finished with value: 1486.1115358539753 and parameters: {'lookback': 8, 'n_stacks': 2, 'n_blocks': 2, 'hidden_size': 384, 'n_layers': 3, 'learning_rate': 0.0003878315546877048, 'batch_size': 8, 'dropout': 0.013571123242694444, 'revin_affine': False}. Best is trial 32 with value: 792.6194225115729.
[I 2026-06-14 20:08:16,917] Trial 47 finished with value: 967.3846401411781 and parameters: {'lookback': 24, 'n_stacks': 2, 'n_blocks': 2, 'hidden_size': 448, 'n_layers': 4, 'learning_rate': 0.0004923352344659034, 'batch_size': 8, 'dropout': 0.033129775445076906, 'revin_affine': False}. Best is trial 32 with value: 792.6194225115729.
[I 2026-06-14 20:08:17,104] Trial 48 pruned. 
[I 2026-06-14 20:08:17,430] Trial 49 pruned. 
[I 2026-06-14 20:08:19,058] Trial 50 pruned. 
[I 2026-06-14 20:08:26,374] Trial 51 finished with value: 895.5304319095358 and parameters: {'lookback': 21, 'n_stacks': 2, 'n_blocks': 2, 'hidden_size': 448, 'n_layers': 3, 'learning_rate': 0.000245093404269909, 'batch_size': 8, 'dropout': 0.0028168904980632905, 'revin_affine': False}. Best is trial 32 with value: 792.6194225115729.
[I 2026-06-14 20:08:32,879] Trial 52 finished with value: 1025.9549047450719 and parameters: {'lookback': 20, 'n_stacks': 2, 'n_blocks': 2, 'hidden_size': 448, 'n_layers': 3, 'learning_rate': 0.0002467699257414678, 'batch_size': 8, 'dropout': 0.011479309073368074, 'revin_affine': False}. Best is trial 32 with value: 792.6194225115729.
[I 2026-06-14 20:08:35,190] Trial 53 pruned. 
[I 2026-06-14 20:08:37,327] Trial 54 pruned. 
[I 2026-06-14 20:08:49,627] Trial 55 finished with value: 1092.2166945914478 and parameters: {'lookback': 22, 'n_stacks': 2, 'n_blocks': 2, 'hidden_size': 448, 'n_layers': 3, 'learning_rate': 0.0001721057418740306, 'batch_size': 8, 'dropout': 0.05023496699585186, 'revin_affine': False}. Best is trial 32 with value: 792.6194225115729.
[I 2026-06-14 20:08:56,354] Trial 56 finished with value: 1055.427376758253 and parameters: {'lookback': 19, 'n_stacks': 2, 'n_blocks': 2, 'hidden_size': 512, 'n_layers': 3, 'learning_rate': 0.0003355700655492171, 'batch_size': 8, 'dropout': 0.03556127694554844, 'revin_affine': False}. Best is trial 32 with value: 792.6194225115729.
