[I 2026-06-14 20:12:03,959] Trial 87 finished with value: 1064.3995976582764 and parameters: {'lookback': 23, 'n_stacks': 2, 'n_blocks': 1, 'hidden_size': 512, 'n_layers': 3, 'learning_rate': 0.0003883101444540456, 'batch_size': 8, 'dropout': 0.02955906545338327, 'revin_affine': False}. Best is trial 32 with value: 792.6194225115729.Best trial: 32. Best value: 792.619:  87%|████████▋ | 87/100 [08:09<01:07,  5.20s/it]Best trial: 32. Best value: 792.619:  87%|████████▋ | 87/100 [08:09<01:07,  5.20s/it]Best trial: 32. Best value: 792.619:  88%|████████▊ | 88/100 [08:09<00:53,  4.49s/it]                                                                                     Best trial: 32. Best value: 792.619:  88%|████████▊ | 88/100 [08:17<00:53,  4.49s/it]Best trial: 32. Best value: 792.619:  88%|████████▊ | 88/100 [08:17<00:53,  4.49s/it]Best trial: 32. Best value: 792.619:  89%|████████▉ | 89/100 [08:17<01:00,  5.53s/it]                                                                                     Best trial: 32. Best value: 792.619:  89%|████████▉ | 89/100 [08:25<01:00,  5.53s/it]Best trial: 32. Best value: 792.619:  89%|████████▉ | 89/100 [08:25<01:00,  5.53s/it]Best trial: 32. Best value: 792.619:  90%|█████████ | 90/100 [08:25<01:01,  6.17s/it]                                                                                     Best trial: 32. Best value: 792.619:  90%|█████████ | 90/100 [08:27<01:01,  6.17s/it]Best trial: 32. Best value: 792.619:  90%|█████████ | 90/100 [08:27<01:01,  6.17s/it]Best trial: 32. Best value: 792.619:  91%|█████████ | 91/100 [08:27<00:43,  4.80s/it]                                                                                     Best trial: 32. Best value: 792.619:  91%|█████████ | 91/100 [08:31<00:43,  4.80s/it]Best trial: 32. Best value: 792.619:  91%|█████████ | 91/100 [08:31<00:43,  4.80s/it]Best trial: 32. Best value: 792.619:  92%|█████████▏| 92/100 [08:31<00:36,  4.52s/it]                                                                                     Best trial: 32. Best value: 792.619:  92%|█████████▏| 92/100 [08:41<00:36,  4.52s/it]Best trial: 32. Best value: 792.619:  92%|█████████▏| 92/100 [08:41<00:36,  4.52s/it]Best trial: 32. Best value: 792.619:  93%|█████████▎| 93/100 [08:41<00:44,  6.35s/it]                                                                                     Best trial: 32. Best value: 792.619:  93%|█████████▎| 93/100 [08:43<00:44,  6.35s/it]Best trial: 32. Best value: 792.619:  93%|█████████▎| 93/100 [08:43<00:44,  6.35s/it]Best trial: 32. Best value: 792.619:  94%|█████████▍| 94/100 [08:43<00:30,  5.13s/it]                                                                                     Best trial: 32. Best value: 792.619:  94%|█████████▍| 94/100 [08:50<00:30,  5.13s/it]Best trial: 32. Best value: 792.619:  94%|█████████▍| 94/100 [08:50<00:30,  5.13s/it]Best trial: 32. Best value: 792.619:  95%|█████████▌| 95/100 [08:50<00:28,  5.60s/it]                                                                                     Best trial: 32. Best value: 792.619:  95%|█████████▌| 95/100 [09:04<00:28,  5.60s/it]Best trial: 32. Best value: 792.619:  95%|█████████▌| 95/100 [09:04<00:28,  5.60s/it]Best trial: 32. Best value: 792.619:  96%|█████████▌| 96/100 [09:04<00:32,  8.13s/it]                                                                                     Best trial: 32. Best value: 792.619:  96%|█████████▌| 96/100 [09:11<00:32,  8.13s/it]Best trial: 32. Best value: 792.619:  96%|█████████▌| 96/100 [09:11<00:32,  8.13s/it]Best trial: 32. Best value: 792.619:  97%|█████████▋| 97/100 [09:11<00:23,  7.75s/it]                                                                                     Best trial: 32. Best value: 792.619:  97%|█████████▋| 97/100 [09:16<00:23,  7.75s/it]Best trial: 32. Best value: 792.619:  97%|█████████▋| 97/100 [09:16<00:23,  7.75s/it]Best trial: 32. Best value: 792.619:  98%|█████████▊| 98/100 [09:16<00:13,  6.76s/it]                                                                                     Best trial: 32. Best value: 792.619:  98%|█████████▊| 98/100 [09:18<00:13,  6.76s/it]Best trial: 32. Best value: 792.619:  98%|█████████▊| 98/100 [09:18<00:13,  6.76s/it]Best trial: 32. Best value: 792.619:  99%|█████████▉| 99/100 [09:18<00:05,  5.49s/it]                                                                                     Best trial: 32. Best value: 792.619:  99%|█████████▉| 99/100 [09:19<00:05,  5.49s/it]Best trial: 32. Best value: 792.619:  99%|█████████▉| 99/100 [09:19<00:05,  5.49s/it]Best trial: 32. Best value: 792.619: 100%|██████████| 100/100 [09:19<00:00,  4.04s/it]Best trial: 32. Best value: 792.619: 100%|██████████| 100/100 [09:19<00:00,  5.59s/it]

[I 2026-06-14 20:12:11,910] Trial 88 finished with value: 877.0776665951903 and parameters: {'lookback': 24, 'n_stacks': 2, 'n_blocks': 2, 'hidden_size': 512, 'n_layers': 3, 'learning_rate': 0.00022135488668518084, 'batch_size': 8, 'dropout': 0.009361337177236029, 'revin_affine': False}. Best is trial 32 with value: 792.6194225115729.
[I 2026-06-14 20:12:19,566] Trial 89 finished with value: 1274.0872400378137 and parameters: {'lookback': 22, 'n_stacks': 2, 'n_blocks': 3, 'hidden_size': 512, 'n_layers': 3, 'learning_rate': 0.0001585174710619726, 'batch_size': 8, 'dropout': 0.06376335330248044, 'revin_affine': False}. Best is trial 32 with value: 792.6194225115729.
[I 2026-06-14 20:12:21,186] Trial 90 pruned. 
[I 2026-06-14 20:12:25,045] Trial 91 finished with value: 1014.9676558925177 and parameters: {'lookback': 24, 'n_stacks': 2, 'n_blocks': 2, 'hidden_size': 512, 'n_layers': 3, 'learning_rate': 0.00020606897371265335, 'batch_size': 8, 'dropout': 0.011895245122515236, 'revin_affine': False}. Best is trial 32 with value: 792.6194225115729.
[I 2026-06-14 20:12:35,652] Trial 92 finished with value: 901.8673498076673 and parameters: {'lookback': 23, 'n_stacks': 2, 'n_blocks': 2, 'hidden_size': 512, 'n_layers': 3, 'learning_rate': 0.0001328537836842688, 'batch_size': 8, 'dropout': 0.020735252326580352, 'revin_affine': False}. Best is trial 32 with value: 792.6194225115729.
[I 2026-06-14 20:12:37,946] Trial 93 pruned. 
[I 2026-06-14 20:12:44,650] Trial 94 finished with value: 902.0598790363591 and parameters: {'lookback': 24, 'n_stacks': 2, 'n_blocks': 2, 'hidden_size': 512, 'n_layers': 3, 'learning_rate': 0.00032871791559316516, 'batch_size': 8, 'dropout': 0.007773410296137346, 'revin_affine': False}. Best is trial 32 with value: 792.6194225115729.
[I 2026-06-14 20:12:58,690] Trial 95 finished with value: 901.3200270385274 and parameters: {'lookback': 23, 'n_stacks': 2, 'n_blocks': 2, 'hidden_size': 512, 'n_layers': 3, 'learning_rate': 0.00028244851740090514, 'batch_size': 8, 'dropout': 0.021729175670698972, 'revin_affine': False}. Best is trial 32 with value: 792.6194225115729.
[I 2026-06-14 20:13:05,536] Trial 96 finished with value: 983.2108741710144 and parameters: {'lookback': 24, 'n_stacks': 2, 'n_blocks': 2, 'hidden_size': 448, 'n_layers': 3, 'learning_rate': 0.0004513683263025129, 'batch_size': 8, 'dropout': 0.032467105037777035, 'revin_affine': False}. Best is trial 32 with value: 792.6194225115729.
[I 2026-06-14 20:13:09,980] Trial 97 finished with value: 972.797076342361 and parameters: {'lookback': 22, 'n_stacks': 2, 'n_blocks': 2, 'hidden_size': 512, 'n_layers': 3, 'learning_rate': 0.00031979742208197834, 'batch_size': 16, 'dropout': 0.015979053079812074, 'revin_affine': False}. Best is trial 32 with value: 792.6194225115729.
[I 2026-06-14 20:13:12,525] Trial 98 finished with value: 830.9884967418284 and parameters: {'lookback': 23, 'n_stacks': 2, 'n_blocks': 2, 'hidden_size': 448, 'n_layers': 3, 'learning_rate': 0.0001937185372177678, 'batch_size': 32, 'dropout': 0.007994192847930163, 'revin_affine': False}. Best is trial 32 with value: 792.6194225115729.
[I 2026-06-14 20:13:13,162] Trial 99 pruned. 

Best val pinball loss: 793
Best params: {'lookback': 24, 'n_stacks': 2, 'n_blocks': 2, 'hidden_size': 512, 'n_layers': 3, 'learning_rate': 0.00030819408864117483, 'batch_size': 8, 'dropout': 0.0016375726131938328, 'revin_affine': False}
{
  "RevIN+NBEATS": {
    "MAE": 3253.8828125,
    "RMSE": 4298.8916015625,
    "MAPE": 0.9672178626060486,
    "sMAPE": 0.9691809415817261,
    "PinballLoss": 1026.8977120535715
  },
  "Naive": {
    "MAE": 79188.0,
    "RMSE": 99342.97501081796,
    "MAPE": 22.761896882520364,
    "sMAPE": 22.74887138244924
  },
  "SeasonalNaive": {
    "MAE": 71494.83333333333,
    "RMSE": 96009.14372513346,
    "MAPE": 23.37359065016684,
    "sMAPE": 20.716089717801868
  }
}
Coverage (calibration): {
  "0.05": 0.0,
  "0.10": 0.08333333333333333,
  "0.25": 0.3333333333333333,
  "0.50": 0.5833333333333334,
  "0.75": 0.75,
  "0.90": 0.8333333333333334,
  "0.95": 0.8333333333333334
}

Sigma nhu cau (thang): 4,482
Du bao thang toi (2025-01): P10=315,573  P50=319,507  P90=322,998
Da luu: models/best_model.pt, models/best_params.json, results/metrics.json, results/forecast.json, results/forecast_plot.png
