[I 2026-06-14 20:09:00,804] Trial 57 finished with value: 1347.3660798349601 and parameters: {'lookback': 23, 'n_stacks': 2, 'n_blocks': 2, 'hidden_size': 384, 'n_layers': 3, 'learning_rate': 0.000579859333836727, 'batch_size': 8, 'dropout': 0.013727554486614833, 'revin_affine': False}. Best is trial 32 with value: 792.6194225115729.Best trial: 32. Best value: 792.619:  57%|█████▋    | 57/100 [05:06<04:30,  6.30s/it]Best trial: 32. Best value: 792.619:  57%|█████▋    | 57/100 [05:06<04:30,  6.30s/it]Best trial: 32. Best value: 792.619:  58%|█████▊    | 58/100 [05:06<04:01,  5.75s/it]                                                                                     Best trial: 32. Best value: 792.619:  58%|█████▊    | 58/100 [05:09<04:01,  5.75s/it]Best trial: 32. Best value: 792.619:  58%|█████▊    | 58/100 [05:09<04:01,  5.75s/it]Best trial: 32. Best value: 792.619:  59%|█████▉    | 59/100 [05:09<03:18,  4.84s/it]                                                                                     Best trial: 32. Best value: 792.619:  59%|█████▉    | 59/100 [05:21<03:18,  4.84s/it]Best trial: 32. Best value: 792.619:  59%|█████▉    | 59/100 [05:21<03:18,  4.84s/it]Best trial: 32. Best value: 792.619:  60%|██████    | 60/100 [05:21<04:41,  7.04s/it]                                                                                     Best trial: 32. Best value: 792.619:  60%|██████    | 60/100 [05:26<04:41,  7.04s/it]Best trial: 32. Best value: 792.619:  60%|██████    | 60/100 [05:26<04:41,  7.04s/it]Best trial: 32. Best value: 792.619:  61%|██████    | 61/100 [05:26<04:13,  6.49s/it]                                                                                     Best trial: 32. Best value: 792.619:  61%|██████    | 61/100 [05:31<04:13,  6.49s/it]Best trial: 32. Best value: 792.619:  61%|██████    | 61/100 [05:31<04:13,  6.49s/it]Best trial: 32. Best value: 792.619:  62%|██████▏   | 62/100 [05:31<03:45,  5.93s/it]                                                                                     Best trial: 32. Best value: 792.619:  62%|██████▏   | 62/100 [05:41<03:45,  5.93s/it]Best trial: 32. Best value: 792.619:  62%|██████▏   | 62/100 [05:41<03:45,  5.93s/it]Best trial: 32. Best value: 792.619:  63%|██████▎   | 63/100 [05:41<04:20,  7.04s/it]                                                                                     Best trial: 32. Best value: 792.619:  63%|██████▎   | 63/100 [05:45<04:20,  7.04s/it]Best trial: 32. Best value: 792.619:  63%|██████▎   | 63/100 [05:45<04:20,  7.04s/it]Best trial: 32. Best value: 792.619:  64%|██████▍   | 64/100 [05:45<03:41,  6.14s/it]                                                                                     Best trial: 32. Best value: 792.619:  64%|██████▍   | 64/100 [05:49<03:41,  6.14s/it]Best trial: 32. Best value: 792.619:  64%|██████▍   | 64/100 [05:49<03:41,  6.14s/it]Best trial: 32. Best value: 792.619:  65%|██████▌   | 65/100 [05:49<03:19,  5.69s/it]                                                                                     Best trial: 32. Best value: 792.619:  65%|██████▌   | 65/100 [05:59<03:19,  5.69s/it]Best trial: 32. Best value: 792.619:  65%|██████▌   | 65/100 [05:59<03:19,  5.69s/it]Best trial: 32. Best value: 792.619:  66%|██████▌   | 66/100 [05:59<03:52,  6.85s/it]                                                                                     Best trial: 32. Best value: 792.619:  66%|██████▌   | 66/100 [06:08<03:52,  6.85s/it]Best trial: 32. Best value: 792.619:  66%|██████▌   | 66/100 [06:08<03:52,  6.85s/it]Best trial: 32. Best value: 792.619:  67%|██████▋   | 67/100 [06:08<04:09,  7.57s/it]                                                                                     Best trial: 32. Best value: 792.619:  67%|██████▋   | 67/100 [06:08<04:09,  7.57s/it]Best trial: 32. Best value: 792.619:  67%|██████▋   | 67/100 [06:08<04:09,  7.57s/it]Best trial: 32. Best value: 792.619:  68%|██████▊   | 68/100 [06:08<02:52,  5.38s/it]                                                                                     Best trial: 32. Best value: 792.619:  68%|██████▊   | 68/100 [06:09<02:52,  5.38s/it]Best trial: 32. Best value: 792.619:  68%|██████▊   | 68/100 [06:09<02:52,  5.38s/it]Best trial: 32. Best value: 792.619:  69%|██████▉   | 69/100 [06:09<02:01,  3.92s/it]                                                                                     Best trial: 32. Best value: 792.619:  69%|██████▉   | 69/100 [06:19<02:01,  3.92s/it]Best trial: 32. Best value: 792.619:  69%|██████▉   | 69/100 [06:19<02:01,  3.92s/it]Best trial: 32. Best value: 792.619:  70%|███████   | 70/100 [06:19<02:55,  5.86s/it]                                                                                     Best trial: 32. Best value: 792.619:  70%|███████   | 70/100 [06:22<02:55,  5.86s/it]Best trial: 32. Best value: 792.619:  70%|███████   | 70/100 [06:22<02:55,  5.86s/it]Best trial: 32. Best value: 792.619:  71%|███████   | 71/100 [06:22<02:23,  4.94s/it]                                                                                     Best trial: 32. Best value: 792.619:  71%|███████   | 71/100 [06:27<02:23,  4.94s/it]Best trial: 32. Best value: 792.619:  71%|███████   | 71/100 [06:27<02:23,  4.94s/it]Best trial: 32. Best value: 792.619:  72%|███████▏  | 72/100 [06:27<02:17,  4.89s/it]                                                                                     Best trial: 32. Best value: 792.619:  72%|███████▏  | 72/100 [06:32<02:17,  4.89s/it]Best trial: 32. Best value: 792.619:  72%|███████▏  | 72/100 [06:32<02:17,  4.89s/it]Best trial: 32. Best value: 792.619:  73%|███████▎  | 73/100 [06:32<02:13,  4.94s/it]                                                                                     Best trial: 32. Best value: 792.619:  73%|███████▎  | 73/100 [06:39<02:13,  4.94s/it]Best trial: 32. Best value: 792.619:  73%|███████▎  | 73/100 [06:39<02:13,  4.94s/it]Best trial: 32. Best value: 792.619:  74%|███████▍  | 74/100 [06:39<02:21,  5.44s/it]                                                                                     Best trial: 32. Best value: 792.619:  74%|███████▍  | 74/100 [06:48<02:21,  5.44s/it]Best trial: 32. Best value: 792.619:  74%|███████▍  | 74/100 [06:48<02:21,  5.44s/it]Best trial: 32. Best value: 792.619:  75%|███████▌  | 75/100 [06:48<02:46,  6.64s/it]                                                                                     Best trial: 32. Best value: 792.619:  75%|███████▌  | 75/100 [06:56<02:46,  6.64s/it]Best trial: 32. Best value: 792.619:  75%|███████▌  | 75/100 [06:56<02:46,  6.64s/it]Best trial: 32. Best value: 792.619:  76%|███████▌  | 76/100 [06:56<02:51,  7.14s/it]                                                                                     Best trial: 32. Best value: 792.619:  76%|███████▌  | 76/100 [07:03<02:51,  7.14s/it]Best trial: 32. Best value: 792.619:  76%|███████▌  | 76/100 [07:03<02:51,  7.14s/it]Best trial: 32. Best value: 792.619:  77%|███████▋  | 77/100 [07:03<02:40,  7.00s/it]                                                                                     Best trial: 32. Best value: 792.619:  77%|███████▋  | 77/100 [07:10<02:40,  7.00s/it]Best trial: 32. Best value: 792.619:  77%|███████▋  | 77/100 [07:10<02:40,  7.00s/it]Best trial: 32. Best value: 792.619:  78%|███████▊  | 78/100 [07:10<02:31,  6.90s/it]                                                                                     Best trial: 32. Best value: 792.619:  78%|███████▊  | 78/100 [07:14<02:31,  6.90s/it]Best trial: 32. Best value: 792.619:  78%|███████▊  | 78/100 [07:14<02:31,  6.90s/it]Best trial: 32. Best value: 792.619:  79%|███████▉  | 79/100 [07:14<02:08,  6.10s/it]                                                                                     Best trial: 32. Best value: 792.619:  79%|███████▉  | 79/100 [07:15<02:08,  6.10s/it]Best trial: 32. Best value: 792.619:  79%|███████▉  | 79/100 [07:15<02:08,  6.10s/it]Best trial: 32. Best value: 792.619:  80%|████████  | 80/100 [07:15<01:35,  4.75s/it]                                                                                     Best trial: 32. Best value: 792.619:  80%|████████  | 80/100 [07:31<01:35,  4.75s/it]Best trial: 32. Best value: 792.619:  80%|████████  | 80/100 [07:31<01:35,  4.75s/it]Best trial: 32. Best value: 792.619:  81%|████████  | 81/100 [07:31<02:33,  8.06s/it]                                                                                     Best trial: 32. Best value: 792.619:  81%|████████  | 81/100 [07:43<02:33,  8.06s/it]Best trial: 32. Best value: 792.619:  81%|████████  | 81/100 [07:43<02:33,  8.06s/it]Best trial: 32. Best value: 792.619:  82%|████████▏ | 82/100 [07:43<02:46,  9.25s/it]                                                                                     Best trial: 32. Best value: 792.619:  82%|████████▏ | 82/100 [07:48<02:46,  9.25s/it]Best trial: 32. Best value: 792.619:  82%|████████▏ | 82/100 [07:48<02:46,  9.25s/it]Best trial: 32. Best value: 792.619:  83%|████████▎ | 83/100 [07:48<02:12,  7.78s/it]                                                                                     Best trial: 32. Best value: 792.619:  83%|████████▎ | 83/100 [07:55<02:12,  7.78s/it]Best trial: 32. Best value: 792.619:  83%|████████▎ | 83/100 [07:55<02:12,  7.78s/it]Best trial: 32. Best value: 792.619:  84%|████████▍ | 84/100 [07:55<02:02,  7.63s/it]                                                                                     Best trial: 32. Best value: 792.619:  84%|████████▍ | 84/100 [07:59<02:02,  7.63s/it]Best trial: 32. Best value: 792.619:  84%|████████▍ | 84/100 [07:59<02:02,  7.63s/it]Best trial: 32. Best value: 792.619:  85%|████████▌ | 85/100 [07:59<01:40,  6.68s/it]                                                                                     Best trial: 32. Best value: 792.619:  85%|████████▌ | 85/100 [08:02<01:40,  6.68s/it]Best trial: 32. Best value: 792.619:  85%|████████▌ | 85/100 [08:02<01:40,  6.68s/it]Best trial: 32. Best value: 792.619:  86%|████████▌ | 86/100 [08:02<01:17,  5.50s/it]                                                                                     Best trial: 32. Best value: 792.619:  86%|████████▌ | 86/100 [08:07<01:17,  5.50s/it]Best trial: 32. Best value: 792.619:  86%|████████▌ | 86/100 [08:07<01:17,  5.50s/it]Best trial: 32. Best value: 792.619:  87%|████████▋ | 87/100 [08:07<01:07,  5.20s/it]                                                                                     
[I 2026-06-14 20:09:03,522] Trial 58 pruned. 
[I 2026-06-14 20:09:15,697] Trial 59 finished with value: 1304.1910763453436 and parameters: {'lookback': 15, 'n_stacks': 2, 'n_blocks': 3, 'hidden_size': 448, 'n_layers': 3, 'learning_rate': 0.00023026127537163237, 'batch_size': 8, 'dropout': 0.025687586165442415, 'revin_affine': False}. Best is trial 32 with value: 792.6194225115729.
[I 2026-06-14 20:09:20,905] Trial 60 finished with value: 1177.8219154818219 and parameters: {'lookback': 22, 'n_stacks': 2, 'n_blocks': 2, 'hidden_size': 512, 'n_layers': 3, 'learning_rate': 0.00041741045396576933, 'batch_size': 8, 'dropout': 0.009808986877102053, 'revin_affine': False}. Best is trial 32 with value: 792.6194225115729.
[I 2026-06-14 20:09:25,524] Trial 61 finished with value: 1011.2751740486104 and parameters: {'lookback': 21, 'n_stacks': 2, 'n_blocks': 2, 'hidden_size': 448, 'n_layers': 3, 'learning_rate': 0.0002651777707882898, 'batch_size': 8, 'dropout': 0.00041390803090330785, 'revin_affine': False}. Best is trial 32 with value: 792.6194225115729.
[I 2026-06-14 20:09:35,159] Trial 62 finished with value: 833.452178102768 and parameters: {'lookback': 20, 'n_stacks': 2, 'n_blocks': 2, 'hidden_size': 448, 'n_layers': 3, 'learning_rate': 0.00019217016849361505, 'batch_size': 8, 'dropout': 0.00191485224971176, 'revin_affine': False}. Best is trial 32 with value: 792.6194225115729.
[I 2026-06-14 20:09:39,201] Trial 63 finished with value: 1257.7636222207557 and parameters: {'lookback': 18, 'n_stacks': 2, 'n_blocks': 2, 'hidden_size': 384, 'n_layers': 3, 'learning_rate': 0.0001964443557319513, 'batch_size': 8, 'dropout': 0.026488272541530297, 'revin_affine': False}. Best is trial 32 with value: 792.6194225115729.
[I 2026-06-14 20:09:43,837] Trial 64 finished with value: 1146.341866491955 and parameters: {'lookback': 20, 'n_stacks': 2, 'n_blocks': 2, 'hidden_size': 512, 'n_layers': 3, 'learning_rate': 0.00010296442809266303, 'batch_size': 8, 'dropout': 0.012674177042534606, 'revin_affine': False}. Best is trial 32 with value: 792.6194225115729.
[I 2026-06-14 20:09:53,395] Trial 65 finished with value: 1042.0502710127894 and parameters: {'lookback': 23, 'n_stacks': 2, 'n_blocks': 2, 'hidden_size': 448, 'n_layers': 3, 'learning_rate': 0.00014817600724866749, 'batch_size': 8, 'dropout': 0.038413350817548264, 'revin_affine': False}. Best is trial 32 with value: 792.6194225115729.
[I 2026-06-14 20:10:02,638] Trial 66 finished with value: 1036.9750350779855 and parameters: {'lookback': 24, 'n_stacks': 2, 'n_blocks': 2, 'hidden_size': 512, 'n_layers': 3, 'learning_rate': 0.0003443964192338321, 'batch_size': 8, 'dropout': 0.055935234427983586, 'revin_affine': False}. Best is trial 32 with value: 792.6194225115729.
[I 2026-06-14 20:10:02,925] Trial 67 pruned. 
[I 2026-06-14 20:10:03,421] Trial 68 pruned. 
[I 2026-06-14 20:10:13,804] Trial 69 finished with value: 1197.5227815493427 and parameters: {'lookback': 17, 'n_stacks': 3, 'n_blocks': 2, 'hidden_size': 512, 'n_layers': 3, 'learning_rate': 0.0006405398011713929, 'batch_size': 8, 'dropout': 8.153395627498266e-06, 'revin_affine': False}. Best is trial 32 with value: 792.6194225115729.
[I 2026-06-14 20:10:16,589] Trial 70 finished with value: 1342.9515137048515 and parameters: {'lookback': 12, 'n_stacks': 2, 'n_blocks': 2, 'hidden_size': 448, 'n_layers': 3, 'learning_rate': 0.0002928095845274964, 'batch_size': 8, 'dropout': 0.03748346820219574, 'revin_affine': False}. Best is trial 32 with value: 792.6194225115729.
[I 2026-06-14 20:10:21,384] Trial 71 finished with value: 1076.332771568029 and parameters: {'lookback': 21, 'n_stacks': 2, 'n_blocks': 2, 'hidden_size': 448, 'n_layers': 3, 'learning_rate': 0.0002340276104716418, 'batch_size': 8, 'dropout': 0.008387429440635953, 'revin_affine': False}. Best is trial 32 with value: 792.6194225115729.
[I 2026-06-14 20:10:26,428] Trial 72 finished with value: 1173.9690632196844 and parameters: {'lookback': 19, 'n_stacks': 2, 'n_blocks': 2, 'hidden_size': 448, 'n_layers': 3, 'learning_rate': 0.00025395808023383003, 'batch_size': 8, 'dropout': 0.02735763521873587, 'revin_affine': False}. Best is trial 32 with value: 792.6194225115729.
[I 2026-06-14 20:10:33,051] Trial 73 finished with value: 954.8698291019563 and parameters: {'lookback': 20, 'n_stacks': 2, 'n_blocks': 2, 'hidden_size': 384, 'n_layers': 3, 'learning_rate': 0.000434366519871121, 'batch_size': 8, 'dropout': 0.0007686805828782594, 'revin_affine': False}. Best is trial 32 with value: 792.6194225115729.
[I 2026-06-14 20:10:42,487] Trial 74 finished with value: 856.7845600864204 and parameters: {'lookback': 22, 'n_stacks': 2, 'n_blocks': 2, 'hidden_size': 512, 'n_layers': 3, 'learning_rate': 0.00036342378723013485, 'batch_size': 8, 'dropout': 0.01834870160665563, 'revin_affine': False}. Best is trial 32 with value: 792.6194225115729.
[I 2026-06-14 20:10:50,801] Trial 75 finished with value: 1152.2037784500515 and parameters: {'lookback': 22, 'n_stacks': 2, 'n_blocks': 4, 'hidden_size': 512, 'n_layers': 3, 'learning_rate': 0.00034837370673876687, 'batch_size': 8, 'dropout': 0.017448964081182648, 'revin_affine': False}. Best is trial 32 with value: 792.6194225115729.
[I 2026-06-14 20:10:57,464] Trial 76 finished with value: 875.3365928331365 and parameters: {'lookback': 24, 'n_stacks': 2, 'n_blocks': 2, 'hidden_size': 512, 'n_layers': 3, 'learning_rate': 0.00036464766135089045, 'batch_size': 8, 'dropout': 0.04227449663426137, 'revin_affine': False}. Best is trial 32 with value: 792.6194225115729.
[I 2026-06-14 20:11:04,126] Trial 77 finished with value: 1082.3311186189403 and parameters: {'lookback': 24, 'n_stacks': 2, 'n_blocks': 2, 'hidden_size': 512, 'n_layers': 3, 'learning_rate': 0.000370633074840597, 'batch_size': 8, 'dropout': 0.04581323529013567, 'revin_affine': False}. Best is trial 32 with value: 792.6194225115729.
[I 2026-06-14 20:11:08,354] Trial 78 finished with value: 1196.0071683356437 and parameters: {'lookback': 23, 'n_stacks': 2, 'n_blocks': 2, 'hidden_size': 512, 'n_layers': 3, 'learning_rate': 0.0006920354024024347, 'batch_size': 16, 'dropout': 0.07117588281799875, 'revin_affine': True}. Best is trial 32 with value: 792.6194225115729.
[I 2026-06-14 20:11:09,963] Trial 79 pruned. 
[I 2026-06-14 20:11:25,750] Trial 80 finished with value: 865.0192340563907 and parameters: {'lookback': 24, 'n_stacks': 2, 'n_blocks': 3, 'hidden_size': 512, 'n_layers': 3, 'learning_rate': 0.00030645459369264507, 'batch_size': 8, 'dropout': 0.03259379126113164, 'revin_affine': False}. Best is trial 32 with value: 792.6194225115729.
[I 2026-06-14 20:11:37,782] Trial 81 finished with value: 963.0254205573973 and parameters: {'lookback': 24, 'n_stacks': 2, 'n_blocks': 3, 'hidden_size': 512, 'n_layers': 3, 'learning_rate': 0.0002953990135043757, 'batch_size': 8, 'dropout': 0.03143901182163632, 'revin_affine': False}. Best is trial 32 with value: 792.6194225115729.
[I 2026-06-14 20:11:42,116] Trial 82 pruned. 
[I 2026-06-14 20:11:49,402] Trial 83 finished with value: 1086.8453259761936 and parameters: {'lookback': 24, 'n_stacks': 2, 'n_blocks': 4, 'hidden_size': 512, 'n_layers': 3, 'learning_rate': 0.00045510324401052874, 'batch_size': 8, 'dropout': 0.05211544463039741, 'revin_affine': False}. Best is trial 32 with value: 792.6194225115729.
[I 2026-06-14 20:11:53,853] Trial 84 pruned. 
[I 2026-06-14 20:11:56,619] Trial 85 finished with value: 1047.7282510220152 and parameters: {'lookback': 22, 'n_stacks': 2, 'n_blocks': 1, 'hidden_size': 512, 'n_layers': 3, 'learning_rate': 0.0002753424678245639, 'batch_size': 8, 'dropout': 0.015187994016098433, 'revin_affine': False}. Best is trial 32 with value: 792.6194225115729.
[I 2026-06-14 20:12:01,112] Trial 86 finished with value: 929.2222121222774 and parameters: {'lookback': 24, 'n_stacks': 2, 'n_blocks': 2, 'hidden_size': 512, 'n_layers': 3, 'learning_rate': 0.00031362359532484385, 'batch_size': 8, 'dropout': 0.04159542882730177, 'revin_affine': False}. Best is trial 32 with value: 792.6194225115729.
