[I 2026-06-14 20:03:53,965] A new study created in memory with name: no-name-5ad86fdd-8f08-4d3a-b0f8-9d7c624d5639
  0%|          | 0/100 [00:00<?, ?it/s]                                         0%|          | 0/100 [00:09<?, ?it/s]Best trial: 0. Best value: 1989.46:   0%|          | 0/100 [00:09<?, ?it/s]Best trial: 0. Best value: 1989.46:   1%|          | 1/100 [00:09<16:12,  9.83s/it]                                                                                   Best trial: 0. Best value: 1989.46:   1%|          | 1/100 [00:10<16:12,  9.83s/it]Best trial: 1. Best value: 1185.37:   1%|          | 1/100 [00:10<16:12,  9.83s/it]Best trial: 1. Best value: 1185.37:   2%|▏         | 2/100 [00:10<07:34,  4.64s/it]                                                                                   Best trial: 1. Best value: 1185.37:   2%|▏         | 2/100 [00:16<07:34,  4.64s/it]Best trial: 1. Best value: 1185.37:   2%|▏         | 2/100 [00:16<07:34,  4.64s/it]Best trial: 1. Best value: 1185.37:   3%|▎         | 3/100 [00:16<08:19,  5.15s/it]                                                                                   Best trial: 1. Best value: 1185.37:   3%|▎         | 3/100 [00:19<08:19,  5.15s/it]Best trial: 1. Best value: 1185.37:   3%|▎         | 3/100 [00:19<08:19,  5.15s/it]Best trial: 1. Best value: 1185.37:   4%|▍         | 4/100 [00:19<06:49,  4.27s/it]                                                                                   Best trial: 1. Best value: 1185.37:   4%|▍         | 4/100 [00:22<06:49,  4.27s/it]Best trial: 1. Best value: 1185.37:   4%|▍         | 4/100 [00:22<06:49,  4.27s/it]Best trial: 1. Best value: 1185.37:   5%|▌         | 5/100 [00:22<05:52,  3.71s/it]                                                                                   Best trial: 1. Best value: 1185.37:   5%|▌         | 5/100 [00:24<05:52,  3.71s/it]Best trial: 1. Best value: 1185.37:   5%|▌         | 5/100 [00:24<05:52,  3.71s/it]Best trial: 1. Best value: 1185.37:   6%|▌         | 6/100 [00:24<05:16,  3.36s/it]                                                                                   Best trial: 1. Best value: 1185.37:   6%|▌         | 6/100 [00:41<05:16,  3.36s/it]Best trial: 1. Best value: 1185.37:   6%|▌         | 6/100 [00:41<05:16,  3.36s/it]Best trial: 1. Best value: 1185.37:   7%|▋         | 7/100 [00:41<11:59,  7.74s/it]                                                                                   Best trial: 1. Best value: 1185.37:   7%|▋         | 7/100 [00:43<11:59,  7.74s/it]Best trial: 1. Best value: 1185.37:   7%|▋         | 7/100 [00:43<11:59,  7.74s/it]Best trial: 1. Best value: 1185.37:   8%|▊         | 8/100 [00:43<08:58,  5.85s/it]                                                                                   Best trial: 1. Best value: 1185.37:   8%|▊         | 8/100 [00:44<08:58,  5.85s/it]Best trial: 1. Best value: 1185.37:   8%|▊         | 8/100 [00:44<08:58,  5.85s/it]Best trial: 1. Best value: 1185.37:   9%|▉         | 9/100 [00:44<06:38,  4.38s/it]                                                                                   Best trial: 1. Best value: 1185.37:   9%|▉         | 9/100 [00:46<06:38,  4.38s/it]Best trial: 1. Best value: 1185.37:   9%|▉         | 9/100 [00:46<06:38,  4.38s/it]Best trial: 1. Best value: 1185.37:  10%|█         | 10/100 [00:46<05:29,  3.66s/it]                                                                                    Best trial: 1. Best value: 1185.37:  10%|█         | 10/100 [00:51<05:29,  3.66s/it]Best trial: 10. Best value: 1002.76:  10%|█         | 10/100 [00:51<05:29,  3.66s/it]Best trial: 10. Best value: 1002.76:  11%|█         | 11/100 [00:51<06:05,  4.11s/it]                                                                                     Best trial: 10. Best value: 1002.76:  11%|█         | 11/100 [00:55<06:05,  4.11s/it]Best trial: 11. Best value: 824.874:  11%|█         | 11/100 [00:55<06:05,  4.11s/it]Best trial: 11. Best value: 824.874:  12%|█▏        | 12/100 [00:55<05:43,  3.90s/it]                                                                                     Best trial: 11. Best value: 824.874:  12%|█▏        | 12/100 [00:57<05:43,  3.90s/it]Best trial: 11. Best value: 824.874:  12%|█▏        | 12/100 [00:57<05:43,  3.90s/it]Best trial: 11. Best value: 824.874:  13%|█▎        | 13/100 [00:57<04:58,  3.44s/it]                                                                                     Best trial: 11. Best value: 824.874:  13%|█▎        | 13/100 [01:05<04:58,  3.44s/it]Best trial: 11. Best value: 824.874:  13%|█▎        | 13/100 [01:05<04:58,  3.44s/it]Best trial: 11. Best value: 824.874:  14%|█▍        | 14/100 [01:05<06:49,  4.76s/it]                                                                                     Best trial: 11. Best value: 824.874:  14%|█▍        | 14/100 [01:09<06:49,  4.76s/it]Best trial: 11. Best value: 824.874:  14%|█▍        | 14/100 [01:09<06:49,  4.76s/it]Best trial: 11. Best value: 824.874:  15%|█▌        | 15/100 [01:09<06:21,  4.49s/it]                                                                                     Best trial: 11. Best value: 824.874:  15%|█▌        | 15/100 [01:13<06:21,  4.49s/it]Best trial: 11. Best value: 824.874:  15%|█▌        | 15/100 [01:13<06:21,  4.49s/it]Best trial: 11. Best value: 824.874:  16%|█▌        | 16/100 [01:13<06:21,  4.54s/it]                                                                                     Best trial: 11. Best value: 824.874:  16%|█▌        | 16/100 [01:15<06:21,  4.54s/it]Best trial: 11. Best value: 824.874:  16%|█▌        | 16/100 [01:15<06:21,  4.54s/it]Best trial: 11. Best value: 824.874:  17%|█▋        | 17/100 [01:15<05:00,  3.62s/it]                                                                                     Best trial: 11. Best value: 824.874:  17%|█▋        | 17/100 [01:17<05:00,  3.62s/it]Best trial: 11. Best value: 824.874:  17%|█▋        | 17/100 [01:17<05:00,  3.62s/it]Best trial: 11. Best value: 824.874:  18%|█▊        | 18/100 [01:17<04:22,  3.20s/it]                                                                                     Best trial: 11. Best value: 824.874:  18%|█▊        | 18/100 [01:24<04:22,  3.20s/it]Best trial: 11. Best value: 824.874:  18%|█▊        | 18/100 [01:24<04:22,  3.20s/it]Best trial: 11. Best value: 824.874:  19%|█▉        | 19/100 [01:24<05:41,  4.21s/it]                                                                                     Best trial: 11. Best value: 824.874:  19%|█▉        | 19/100 [01:48<05:41,  4.21s/it]Best trial: 11. Best value: 824.874:  19%|█▉        | 19/100 [01:48<05:41,  4.21s/it]Best trial: 11. Best value: 824.874:  20%|██        | 20/100 [01:48<13:32, 10.16s/it]                                                                                     Best trial: 11. Best value: 824.874:  20%|██        | 20/100 [01:52<13:32, 10.16s/it]Best trial: 11. Best value: 824.874:  20%|██        | 20/100 [01:52<13:32, 10.16s/it]Best trial: 11. Best value: 824.874:  21%|██        | 21/100 [01:52<10:58,  8.34s/it]                                                                                     Best trial: 11. Best value: 824.874:  21%|██        | 21/100 [01:58<10:58,  8.34s/it]Best trial: 11. Best value: 824.874:  21%|██        | 21/100 [01:58<10:58,  8.34s/it]Best trial: 11. Best value: 824.874:  22%|██▏       | 22/100 [01:58<10:10,  7.83s/it]                                                                                     Best trial: 11. Best value: 824.874:  22%|██▏       | 22/100 [02:01<10:10,  7.83s/it]Best trial: 11. Best value: 824.874:  22%|██▏       | 22/100 [02:01<10:10,  7.83s/it]Best trial: 11. Best value: 824.874:  23%|██▎       | 23/100 [02:01<08:11,  6.38s/it]                                                                                     Best trial: 11. Best value: 824.874:  23%|██▎       | 23/100 [02:09<08:11,  6.38s/it]Best trial: 11. Best value: 824.874:  23%|██▎       | 23/100 [02:09<08:11,  6.38s/it]Best trial: 11. Best value: 824.874:  24%|██▍       | 24/100 [02:09<08:29,  6.70s/it]                                                                                     Best trial: 11. Best value: 824.874:  24%|██▍       | 24/100 [02:15<08:29,  6.70s/it]Best trial: 11. Best value: 824.874:  24%|██▍       | 24/100 [02:15<08:29,  6.70s/it]Best trial: 11. Best value: 824.874:  25%|██▌       | 25/100 [02:15<08:06,  6.49s/it]                                                                                     [I 2026-06-14 20:04:03,766] Trial 0 finished with value: 1989.4624333432257 and parameters: {'lookback': 13, 'n_stacks': 3, 'n_blocks': 3, 'hidden_size': 320, 'n_layers': 2, 'learning_rate': 0.00020511104188433984, 'batch_size': 16, 'dropout': 0.21242177333881365, 'revin_affine': False}. Best is trial 0 with value: 1989.4624333432257.
[I 2026-06-14 20:04:04,794] Trial 1 finished with value: 1185.371274111609 and parameters: {'lookback': 21, 'n_stacks': 1, 'n_blocks': 1, 'hidden_size': 128, 'n_layers': 2, 'learning_rate': 0.0011207606211860567, 'batch_size': 32, 'dropout': 0.04184815819561255, 'revin_affine': False}. Best is trial 1 with value: 1185.371274111609.
[I 2026-06-14 20:04:10,546] Trial 2 finished with value: 3215.5759050319134 and parameters: {'lookback': 14, 'n_stacks': 3, 'n_blocks': 1, 'hidden_size': 320, 'n_layers': 3, 'learning_rate': 0.0001238513729886094, 'batch_size': 8, 'dropout': 0.28466566117599995, 'revin_affine': True}. Best is trial 1 with value: 1185.371274111609.
[I 2026-06-14 20:04:13,464] Trial 3 finished with value: 1647.2160621022756 and parameters: {'lookback': 11, 'n_stacks': 1, 'n_blocks': 3, 'hidden_size': 256, 'n_layers': 2, 'learning_rate': 0.0009780337016659412, 'batch_size': 16, 'dropout': 0.19875668530619459, 'revin_affine': False}. Best is trial 1 with value: 1185.371274111609.
[I 2026-06-14 20:04:16,185] Trial 4 finished with value: 2172.1675628431917 and parameters: {'lookback': 16, 'n_stacks': 1, 'n_blocks': 4, 'hidden_size': 448, 'n_layers': 4, 'learning_rate': 0.006161049539380964, 'batch_size': 16, 'dropout': 0.058794858725743554, 'revin_affine': False}. Best is trial 1 with value: 1185.371274111609.
[I 2026-06-14 20:04:18,876] Trial 5 finished with value: 2248.948423586641 and parameters: {'lookback': 13, 'n_stacks': 1, 'n_blocks': 4, 'hidden_size': 192, 'n_layers': 2, 'learning_rate': 0.001217284708112243, 'batch_size': 16, 'dropout': 0.2960660809801552, 'revin_affine': True}. Best is trial 1 with value: 1185.371274111609.
[I 2026-06-14 20:04:35,626] Trial 6 finished with value: 2214.9897788243184 and parameters: {'lookback': 6, 'n_stacks': 3, 'n_blocks': 3, 'hidden_size': 384, 'n_layers': 4, 'learning_rate': 0.00014063366777718192, 'batch_size': 32, 'dropout': 0.18698943804826737, 'revin_affine': True}. Best is trial 1 with value: 1185.371274111609.
[I 2026-06-14 20:04:37,430] Trial 7 finished with value: 1926.9600969045812 and parameters: {'lookback': 11, 'n_stacks': 1, 'n_blocks': 3, 'hidden_size': 384, 'n_layers': 4, 'learning_rate': 0.0008798929749689024, 'batch_size': 32, 'dropout': 0.16838315927084888, 'revin_affine': True}. Best is trial 1 with value: 1185.371274111609.
[I 2026-06-14 20:04:38,579] Trial 8 finished with value: 1453.0697349153695 and parameters: {'lookback': 15, 'n_stacks': 2, 'n_blocks': 1, 'hidden_size': 64, 'n_layers': 2, 'learning_rate': 0.0018742210985555703, 'batch_size': 32, 'dropout': 0.07478766874466249, 'revin_affine': False}. Best is trial 1 with value: 1185.371274111609.
[I 2026-06-14 20:04:40,612] Trial 9 finished with value: 1945.308423958838 and parameters: {'lookback': 10, 'n_stacks': 1, 'n_blocks': 2, 'hidden_size': 128, 'n_layers': 4, 'learning_rate': 0.004132765459466363, 'batch_size': 16, 'dropout': 0.05597101766581075, 'revin_affine': True}. Best is trial 1 with value: 1185.371274111609.
[I 2026-06-14 20:04:45,743] Trial 10 finished with value: 1002.7649261108057 and parameters: {'lookback': 24, 'n_stacks': 2, 'n_blocks': 2, 'hidden_size': 512, 'n_layers': 3, 'learning_rate': 0.00039914403752583567, 'batch_size': 8, 'dropout': 0.004840273578993998, 'revin_affine': False}. Best is trial 10 with value: 1002.7649261108057.
[I 2026-06-14 20:04:49,169] Trial 11 finished with value: 824.8738372168142 and parameters: {'lookback': 24, 'n_stacks': 2, 'n_blocks': 2, 'hidden_size': 512, 'n_layers': 3, 'learning_rate': 0.00033461295990611073, 'batch_size': 8, 'dropout': 0.0028008497068682664, 'revin_affine': False}. Best is trial 11 with value: 824.8738372168142.
[I 2026-06-14 20:04:51,540] Trial 12 finished with value: 927.2488498273152 and parameters: {'lookback': 24, 'n_stacks': 2, 'n_blocks': 2, 'hidden_size': 512, 'n_layers': 3, 'learning_rate': 0.00035397284510561627, 'batch_size': 8, 'dropout': 0.010075765480341642, 'revin_affine': False}. Best is trial 11 with value: 824.8738372168142.
[I 2026-06-14 20:04:59,365] Trial 13 finished with value: 827.3412939049798 and parameters: {'lookback': 24, 'n_stacks': 2, 'n_blocks': 2, 'hidden_size': 512, 'n_layers': 3, 'learning_rate': 0.00038108159909145827, 'batch_size': 8, 'dropout': 0.007836754799080302, 'revin_affine': False}. Best is trial 11 with value: 824.8738372168142.
[I 2026-06-14 20:05:03,215] Trial 14 finished with value: 1589.1563264018523 and parameters: {'lookback': 20, 'n_stacks': 2, 'n_blocks': 2, 'hidden_size': 512, 'n_layers': 3, 'learning_rate': 0.00040065304960019163, 'batch_size': 8, 'dropout': 0.11454776968900954, 'revin_affine': False}. Best is trial 11 with value: 824.8738372168142.
[I 2026-06-14 20:05:07,894] Trial 15 finished with value: 1225.409366931156 and parameters: {'lookback': 21, 'n_stacks': 2, 'n_blocks': 2, 'hidden_size': 448, 'n_layers': 3, 'learning_rate': 0.00025329850454740017, 'batch_size': 8, 'dropout': 0.10705020588303281, 'revin_affine': False}. Best is trial 11 with value: 824.8738372168142.
[I 2026-06-14 20:05:09,371] Trial 16 finished with value: 1372.8223637292267 and parameters: {'lookback': 18, 'n_stacks': 2, 'n_blocks': 1, 'hidden_size': 448, 'n_layers': 3, 'learning_rate': 0.0005611309072178302, 'batch_size': 8, 'dropout': 0.008165707917359072, 'revin_affine': False}. Best is trial 11 with value: 824.8738372168142.
[I 2026-06-14 20:05:11,592] Trial 17 pruned. 
[I 2026-06-14 20:05:18,161] Trial 18 finished with value: 1337.6856798143597 and parameters: {'lookback': 19, 'n_stacks': 3, 'n_blocks': 3, 'hidden_size': 384, 'n_layers': 3, 'learning_rate': 0.00020696771271195492, 'batch_size': 8, 'dropout': 0.03394463519117865, 'revin_affine': False}. Best is trial 11 with value: 824.8738372168142.
[I 2026-06-14 20:05:42,169] Trial 19 finished with value: 1022.2084469356781 and parameters: {'lookback': 22, 'n_stacks': 2, 'n_blocks': 2, 'hidden_size': 448, 'n_layers': 4, 'learning_rate': 0.0006011589209837828, 'batch_size': 8, 'dropout': 0.13609816072508615, 'revin_affine': False}. Best is trial 11 with value: 824.8738372168142.
[I 2026-06-14 20:05:46,277] Trial 20 finished with value: 1433.4275546274978 and parameters: {'lookback': 18, 'n_stacks': 3, 'n_blocks': 1, 'hidden_size': 512, 'n_layers': 3, 'learning_rate': 0.0006241676603586996, 'batch_size': 8, 'dropout': 0.08338803745389359, 'revin_affine': False}. Best is trial 11 with value: 824.8738372168142.
[I 2026-06-14 20:05:52,918] Trial 21 finished with value: 845.0360407954366 and parameters: {'lookback': 24, 'n_stacks': 2, 'n_blocks': 2, 'hidden_size': 512, 'n_layers': 3, 'learning_rate': 0.00032020122007335374, 'batch_size': 8, 'dropout': 0.02139904981538686, 'revin_affine': False}. Best is trial 11 with value: 824.8738372168142.
[I 2026-06-14 20:05:55,931] Trial 22 finished with value: 1095.5291143681288 and parameters: {'lookback': 24, 'n_stacks': 2, 'n_blocks': 2, 'hidden_size': 448, 'n_layers': 3, 'learning_rate': 0.0002780839499398057, 'batch_size': 8, 'dropout': 0.03104427795011011, 'revin_affine': False}. Best is trial 11 with value: 824.8738372168142.
[I 2026-06-14 20:06:03,363] Trial 23 finished with value: 1049.679696483346 and parameters: {'lookback': 22, 'n_stacks': 2, 'n_blocks': 2, 'hidden_size': 512, 'n_layers': 3, 'learning_rate': 0.00017153486680011727, 'batch_size': 8, 'dropout': 0.0014186699652827062, 'revin_affine': False}. Best is trial 11 with value: 824.8738372168142.
[I 2026-06-14 20:06:09,366] Trial 24 finished with value: 1277.887038361576 and parameters: {'lookback': 22, 'n_stacks': 2, 'n_blocks': 3, 'hidden_size': 448, 'n_layers': 3, 'learning_rate': 0.0003062771392422577, 'batch_size': 8, 'dropout': 0.03441438110186179, 'revin_affine': False}. Best is trial 11 with value: 824.8738372168142.
